2025-04-06 18:11:00 | DEBUG | repo=arquillian-phantom-driver | action=commit
2025-11-10 08:57:00 | DEBUG | repo=arquillian-phantom-driver | action=commit
2025-05-14 14:16:00 | DEBUG | repo=arquillian-phantom-driver | action=commit
2025-01-22 11:40:00 | INFO | repo=arquillian-phantom-driver | action=pull
2025-09-11 08:27:00 | DEBUG | repo=arquillian-phantom-driver | action=pull
2025-03-11 20:26:00 | INFO | repo=arquillian-phantom-driver | action=commit
2025-01-23 17:38:00 | INFO | repo=arquillian-phantom-driver | action=test | passed=true
2025-01-17 20:17:00 | WARN | repo=arquillian-phantom-driver | action=pull
2025-12-01 17:07:00 | INFO | repo=arquillian-phantom-driver | action=commit
2025-03-24 07:38:00 | DEBUG | repo=arquillian-phantom-driver | action=commit
2025-02-17 07:40:00 | INFO | repo=arquillian-phantom-driver | action=commit
2025-11-23 13:54:00 | DEBUG | repo=arquillian-phantom-driver | action=commit
2025-12-04 09:33:00 | DEBUG | repo=arquillian-phantom-driver | action=commit
2025-10-03 14:09:00 | WARN | repo=arquillian-phantom-driver | action=commit
2025-05-17 07:35:00 | DEBUG | repo=arquillian-phantom-driver | action=test | passed=true
2025-07-22 13:56:00 | DEBUG | repo=arquillian-phantom-driver | action=commit
2025-09-06 14:37:00 | INFO | repo=arquillian-phantom-driver | action=commit
2025-07-27 09:14:00 | INFO | repo=arquillian-phantom-driver | action=commit
2025-01-23 08:11:00 | DEBUG | repo=arquillian-phantom-driver | action=pull
2025-11-28 19:48:00 | WARN | repo=arquillian-phantom-driver | action=edit | files=1
2025-08-04 10:00:00 | DEBUG | repo=arquillian-phantom-driver | action=edit | files=5
2025-10-13 14:56:00 | DEBUG | repo=arquillian-phantom-driver | action=test | passed=true
2025-12-02 17:13:00 | WARN | repo=arquillian-phantom-driver | action=commit
2025-02-03 16:10:00 | INFO | repo=arquillian-phantom-driver | action=commit
2025-03-28 08:52:00 | WARN | repo=arquillian-phantom-driver | action=commit
2025-10-23 08:47:00 | WARN | repo=arquillian-phantom-driver | action=commit
2025-05-05 08:40:00 | DEBUG | repo=arquillian-phantom-driver | action=pull
2025-01-16 11:55:00 | INFO | repo=arquillian-phantom-driver | action=commit
2025-03-06 08:53:00 | DEBUG | repo=arquillian-phantom-driver | action=commit
2025-12-09 07:26:00 | WARN | repo=arquillian-phantom-driver | action=test | passed=true
2025-02-11 14:11:00 | DEBUG | repo=arquillian-phantom-driver | action=commit
2025-02-15 11:08:00 | INFO | repo=arquillian-phantom-driver | action=pull
2025-04-22 16:46:00 | WARN | repo=arquillian-phantom-driver | action=pull
2025-05-02 10:55:00 | WARN | repo=arquillian-phantom-driver | action=commit
2025-02-14 21:20:00 | INFO | repo=arquillian-phantom-driver | action=commit
2025-11-01 11:36:00 | INFO | repo=arquillian-phantom-driver | action=test | passed=true
2025-11-09 13:00:00 | WARN | repo=arquillian-phantom-driver | action=commit
2025-09-01 14:33:00 | DEBUG | repo=arquillian-phantom-driver | action=commit
2025-03-02 19:26:00 | DEBUG | repo=arquillian-phantom-driver | action=test | passed=true
2025-05-08 12:15:00 | DEBUG | repo=arquillian-phantom-driver | action=pull
2025-12-15 09:28:00 | WARN | repo=arquillian-phantom-driver | action=commit
2025-06-12 11:43:00 | INFO | repo=arquillian-phantom-driver | action=commit
2025-01-15 15:23:00 | WARN | repo=arquillian-phantom-driver | action=commit
2025-05-17 10:53:00 | DEBUG | repo=arquillian-phantom-driver | action=commit
2025-09-16 09:53:00 | DEBUG | repo=arquillian-phantom-driver | action=commit
2025-05-19 08:39:00 | INFO | repo=arquillian-phantom-driver | action=edit | files=3
2025-04-17 19:47:00 | WARN | repo=arquillian-phantom-driver | action=commit
2025-01-21 12:29:00 | DEBUG | repo=arquillian-phantom-driver | action=pull
2025-07-06 07:55:00 | WARN | repo=arquillian-phantom-driver | action=commit
2025-09-26 13:38:00 | INFO | repo=arquillian-phantom-driver | action=pull
2025-11-20 12:31:00 | WARN | repo=arquillian-phantom-driver | action=test | passed=true
2025-03-23 09:06:00 | INFO | repo=arquillian-phantom-driver | action=test | passed=true
2025-02-13 19:26:00 | INFO | repo=arquillian-phantom-driver | action=commit
2025-05-23 12:18:00 | INFO | repo=arquillian-phantom-driver | action=edit | files=5
2025-06-16 13:14:00 | WARN | repo=arquillian-phantom-driver | action=commit
2025-04-03 19:50:00 | INFO | repo=arquillian-phantom-driver | action=commit
2025-09-11 09:04:00 | WARN | repo=arquillian-phantom-driver | action=test | passed=true
2025-11-11 20:48:00 | DEBUG | repo=arquillian-phantom-driver | action=edit | files=4
2025-05-27 21:31:00 | DEBUG | repo=arquillian-phantom-driver | action=commit
2025-10-06 19:20:00 | INFO | repo=arquillian-phantom-driver | action=pull
2025-06-03 12:03:00 | WARN | repo=arquillian-phantom-driver | action=commit
2025-02-07 14:40:00 | INFO | repo=arquillian-phantom-driver | action=edit | files=4
2025-06-09 09:55:00 | DEBUG | repo=arquillian-phantom-driver | action=commit
2025-06-09 07:02:00 | INFO | repo=arquillian-phantom-driver | action=commit
